{"level":"info","message":"Starting server at 3000","timestamp":"2017-10-07T00:20:36.073Z"}
{"level":"info","message":"City/Location request: fremont","timestamp":"2017-10-07T00:20:36.348Z"}
{"level":"info","message":"City/Location response: 88","timestamp":"2017-10-07T00:20:36.612Z"}
{"level":"info","message":"Starting server at 3000","timestamp":"2017-10-07T00:42:47.410Z"}
{"level":"info","message":"Starting server at 3000","timestamp":"2017-10-07T00:43:20.808Z"}
{"level":"info","message":"City/Location request: fremont","timestamp":"2017-10-07T00:43:29.054Z"}
{"level":"info","message":"City/Location response: 84","timestamp":"2017-10-07T00:43:29.320Z"}
{"level":"info","message":"Starting server at 3000","timestamp":"2017-10-07T01:20:17.003Z"}
{"level":"info","message":"Starting server at 3000","timestamp":"2017-10-07T01:20:58.171Z"}
{"level":"info","message":"Starting server at 3000","timestamp":"2017-10-07T01:22:37.925Z"}
{"level":"info","message":"Starting server at 3000","timestamp":"2017-10-07T01:23:15.890Z"}
{"level":"info","message":"Starting server at 3000","timestamp":"2017-10-07T01:23:39.817Z"}
{"level":"info","message":"Starting server at 3000","timestamp":"2017-10-07T01:53:12.708Z"}
{"level":"info","message":"City/Location request: fremont","timestamp":"2017-10-07T01:53:39.552Z"}
{"level":"info","message":"City/Location response: 78","timestamp":"2017-10-07T01:53:39.824Z"}
{"level":"info","message":"City/Location request: {someVariable}","timestamp":"2017-10-07T01:55:01.858Z"}
{"level":"error","message":"City/Location response: City does not exist","timestamp":"2017-10-07T01:55:02.135Z"}
{"level":"info","message":"City/Location request: {someVariable}","timestamp":"2017-10-07T01:55:59.064Z"}
{"level":"error","message":"City/Location response: City does not exist","timestamp":"2017-10-07T01:55:59.308Z"}
{"level":"info","message":"City/Location request: fremont","timestamp":"2017-10-07T01:56:31.024Z"}
{"level":"info","message":"City/Location response: 78","timestamp":"2017-10-07T01:56:31.306Z"}
{"level":"info","message":"City/Location request: fremont","timestamp":"2017-10-07T01:58:07.794Z"}
{"level":"info","message":"City/Location response: 78","timestamp":"2017-10-07T01:58:08.072Z"}
